<?xml version="1.0" encoding="UTF-8"?>
<coverage generated="1684950578718" clover="3.2.0">
  <project timestamp="1684950578718" name="All files">
    <metrics statements="199" coveredstatements="157" conditionals="56" coveredconditionals="43" methods="58" coveredmethods="49" elements="313" coveredelements="249" complexity="0" loc="199" ncloc="199" packages="11" files="21" classes="21"/>
    <package name="CicloSeguro">
      <metrics statements="6" coveredstatements="2" conditionals="0" coveredconditionals="0" methods="1" coveredmethods="1"/>
      <file name="App.js" path="C:\Users\zhyda\Documents\CicloSeguro\App.js">
        <metrics statements="2" coveredstatements="2" conditionals="0" coveredconditionals="0" methods="1" coveredmethods="1"/>
        <line num="8" count="1" type="stmt"/>
        <line num="11" count="1" type="stmt"/>
      </file>
      <file name="metro.config.js" path="C:\Users\zhyda\Documents\CicloSeguro\metro.config.js">
        <metrics statements="4" coveredstatements="0" conditionals="0" coveredconditionals="0" methods="0" coveredmethods="0"/>
        <line num="1" count="0" type="stmt"/>
        <line num="3" count="0" type="stmt"/>
        <line num="4" count="0" type="stmt"/>
        <line num="6" count="0" type="stmt"/>
      </file>
    </package>
    <package name="CicloSeguro.src.components">
      <metrics statements="10" coveredstatements="10" conditionals="2" coveredconditionals="2" methods="8" coveredmethods="8"/>
      <file name="HeaderComponent.js" path="C:\Users\zhyda\Documents\CicloSeguro\src\components\HeaderComponent.js">
        <metrics statements="6" coveredstatements="6" conditionals="2" coveredconditionals="2" methods="5" coveredmethods="5"/>
        <line num="14" count="6" type="stmt"/>
        <line num="15" count="6" type="stmt"/>
        <line num="28" count="6" type="stmt"/>
        <line num="31" count="6" type="cond" truecount="2" falsecount="0"/>
        <line num="33" count="2" type="stmt"/>
        <line num="54" count="4" type="stmt"/>
      </file>
      <file name="MenuComponent.js" path="C:\Users\zhyda\Documents\CicloSeguro\src\components\MenuComponent.js">
        <metrics statements="4" coveredstatements="4" conditionals="0" coveredconditionals="0" methods="3" coveredmethods="3"/>
        <line num="9" count="9" type="stmt"/>
        <line num="13" count="1" type="stmt"/>
        <line num="20" count="1" type="stmt"/>
        <line num="31" count="5" type="stmt"/>
      </file>
    </package>
    <package name="CicloSeguro.src.components.default.alert">
      <metrics statements="6" coveredstatements="6" conditionals="0" coveredconditionals="0" methods="3" coveredmethods="3"/>
      <file name="Alert.js" path="C:\Users\zhyda\Documents\CicloSeguro\src\components\default\alert\Alert.js">
        <metrics statements="5" coveredstatements="5" conditionals="0" coveredconditionals="0" methods="3" coveredmethods="3"/>
        <line num="9" count="20" type="stmt"/>
        <line num="11" count="20" type="stmt"/>
        <line num="12" count="7" type="stmt"/>
        <line num="15" count="20" type="stmt"/>
        <line num="24" count="1" type="stmt"/>
      </file>
      <file name="Styles.js" path="C:\Users\zhyda\Documents\CicloSeguro\src\components\default\alert\Styles.js">
        <metrics statements="1" coveredstatements="1" conditionals="0" coveredconditionals="0" methods="0" coveredmethods="0"/>
        <line num="3" count="4" type="stmt"/>
      </file>
    </package>
    <package name="CicloSeguro.src.components.default.empty">
      <metrics statements="1" coveredstatements="1" conditionals="0" coveredconditionals="0" methods="1" coveredmethods="1"/>
      <file name="ListEmpty.js" path="C:\Users\zhyda\Documents\CicloSeguro\src\components\default\empty\ListEmpty.js">
        <metrics statements="1" coveredstatements="1" conditionals="0" coveredconditionals="0" methods="1" coveredmethods="1"/>
        <line num="5" count="3" type="stmt"/>
      </file>
    </package>
    <package name="CicloSeguro.src.components.default.load">
      <metrics statements="7" coveredstatements="7" conditionals="2" coveredconditionals="2" methods="2" coveredmethods="2"/>
      <file name="Load.js" path="C:\Users\zhyda\Documents\CicloSeguro\src\components\default\load\Load.js">
        <metrics statements="6" coveredstatements="6" conditionals="2" coveredconditionals="2" methods="2" coveredmethods="2"/>
        <line num="7" count="3" type="stmt"/>
        <line num="9" count="3" type="stmt"/>
        <line num="10" count="2" type="stmt"/>
        <line num="14" count="3" type="cond" truecount="2" falsecount="0"/>
        <line num="16" count="2" type="stmt"/>
        <line num="31" count="1" type="stmt"/>
      </file>
      <file name="Styles.js" path="C:\Users\zhyda\Documents\CicloSeguro\src\components\default\load\Styles.js">
        <metrics statements="1" coveredstatements="1" conditionals="0" coveredconditionals="0" methods="0" coveredmethods="0"/>
        <line num="3" count="3" type="stmt"/>
      </file>
    </package>
    <package name="CicloSeguro.src.config">
      <metrics statements="7" coveredstatements="7" conditionals="0" coveredconditionals="0" methods="0" coveredmethods="0"/>
      <file name="firebaseconfig.js" path="C:\Users\zhyda\Documents\CicloSeguro\src\config\firebaseconfig.js">
        <metrics statements="7" coveredstatements="7" conditionals="0" coveredconditionals="0" methods="0" coveredmethods="0"/>
        <line num="6" count="2" type="stmt"/>
        <line num="16" count="2" type="stmt"/>
        <line num="17" count="2" type="stmt"/>
        <line num="19" count="2" type="stmt"/>
        <line num="22" count="2" type="stmt"/>
        <line num="23" count="2" type="stmt"/>
        <line num="25" count="2" type="stmt"/>
      </file>
    </package>
    <package name="CicloSeguro.src.controllers">
      <metrics statements="2" coveredstatements="2" conditionals="2" coveredconditionals="2" methods="1" coveredmethods="1"/>
      <file name="ContactController.js" path="C:\Users\zhyda\Documents\CicloSeguro\src\controllers\ContactController.js">
        <metrics statements="2" coveredstatements="2" conditionals="2" coveredconditionals="2" methods="1" coveredmethods="1"/>
        <line num="1" count="3" type="stmt"/>
        <line num="2" count="20" type="cond" truecount="2" falsecount="0"/>
      </file>
    </package>
    <package name="CicloSeguro.src.screens.contact">
      <metrics statements="84" coveredstatements="63" conditionals="26" coveredconditionals="21" methods="26" coveredmethods="22"/>
      <file name="ContactItem.js" path="C:\Users\zhyda\Documents\CicloSeguro\src\screens\contact\ContactItem.js">
        <metrics statements="2" coveredstatements="2" conditionals="4" coveredconditionals="3" methods="1" coveredmethods="1"/>
        <line num="6" count="4" type="stmt"/>
        <line num="7" count="19" type="stmt"/>
      </file>
      <file name="ModalContacts.js" path="C:\Users\zhyda\Documents\CicloSeguro\src\screens\contact\ModalContacts.js">
        <metrics statements="28" coveredstatements="27" conditionals="18" coveredconditionals="17" methods="11" coveredmethods="11"/>
        <line num="15" count="46" type="stmt"/>
        <line num="18" count="46" type="stmt"/>
        <line num="21" count="46" type="stmt"/>
        <line num="27" count="2" type="stmt"/>
        <line num="28" count="2" type="stmt"/>
        <line num="32" count="2" type="stmt"/>
        <line num="35" count="46" type="stmt"/>
        <line num="36" count="22" type="cond" truecount="2" falsecount="0"/>
        <line num="37" count="14" type="stmt"/>
        <line num="39" count="22" type="stmt"/>
        <line num="40" count="22" type="cond" truecount="2" falsecount="0"/>
        <line num="41" count="22" type="cond" truecount="2" falsecount="0"/>
        <line num="42" count="19" type="stmt"/>
        <line num="46" count="19" type="cond" truecount="4" falsecount="0"/>
        <line num="47" count="10" type="stmt"/>
        <line num="48" count="20" type="cond" truecount="3" falsecount="1"/>
        <line num="49" count="20" type="stmt"/>
        <line num="55" count="0" type="stmt"/>
        <line num="62" count="10" type="stmt"/>
        <line num="69" count="8" type="stmt"/>
        <line num="72" count="46" type="stmt"/>
        <line num="73" count="20" type="cond" truecount="4" falsecount="0"/>
        <line num="74" count="18" type="stmt"/>
        <line num="75" count="2" type="stmt"/>
        <line num="80" count="2" type="stmt"/>
        <line num="84" count="46" type="stmt"/>
        <line num="96" count="2" type="stmt"/>
        <line num="117" count="1" type="stmt"/>
      </file>
      <file name="Styles.js" path="C:\Users\zhyda\Documents\CicloSeguro\src\screens\contact\Styles.js">
        <metrics statements="1" coveredstatements="1" conditionals="0" coveredconditionals="0" methods="0" coveredmethods="0"/>
        <line num="3" count="4" type="stmt"/>
      </file>
      <file name="StylesIndex.js" path="C:\Users\zhyda\Documents\CicloSeguro\src\screens\contact\StylesIndex.js">
        <metrics statements="1" coveredstatements="1" conditionals="0" coveredconditionals="0" methods="0" coveredmethods="0"/>
        <line num="3" count="2" type="stmt"/>
      </file>
      <file name="index.js" path="C:\Users\zhyda\Documents\CicloSeguro\src\screens\contact\index.js">
        <metrics statements="52" coveredstatements="32" conditionals="4" coveredconditionals="1" methods="14" coveredmethods="10"/>
        <line num="15" count="9" type="stmt"/>
        <line num="18" count="9" type="stmt"/>
        <line num="19" count="9" type="stmt"/>
        <line num="20" count="9" type="stmt"/>
        <line num="21" count="9" type="stmt"/>
        <line num="23" count="9" type="stmt"/>
        <line num="24" count="2" type="stmt"/>
        <line num="25" count="2" type="stmt"/>
        <line num="26" count="2" type="stmt"/>
        <line num="27" count="2" type="cond" truecount="1" falsecount="1"/>
        <line num="28" count="2" type="stmt"/>
        <line num="34" count="2" type="stmt"/>
        <line num="48" count="9" type="stmt"/>
        <line num="49" count="1" type="stmt"/>
        <line num="50" count="1" type="stmt"/>
        <line num="53" count="9" type="stmt"/>
        <line num="54" count="0" type="stmt"/>
        <line num="55" count="0" type="stmt"/>
        <line num="58" count="9" type="stmt"/>
        <line num="59" count="0" type="stmt"/>
        <line num="60" count="0" type="stmt"/>
        <line num="63" count="0" type="cond" truecount="0" falsecount="2"/>
        <line num="64" count="0" type="stmt"/>
        <line num="65" count="0" type="stmt"/>
        <line num="66" count="0" type="stmt"/>
        <line num="67" count="0" type="stmt"/>
        <line num="70" count="0" type="stmt"/>
        <line num="72" count="0" type="stmt"/>
        <line num="73" count="0" type="stmt"/>
        <line num="74" count="0" type="stmt"/>
        <line num="75" count="0" type="stmt"/>
        <line num="77" count="0" type="stmt"/>
        <line num="78" count="0" type="stmt"/>
        <line num="81" count="0" type="stmt"/>
        <line num="84" count="9" type="stmt"/>
        <line num="85" count="1" type="stmt"/>
        <line num="86" count="1" type="stmt"/>
        <line num="87" count="1" type="stmt"/>
        <line num="89" count="1" type="stmt"/>
        <line num="90" count="1" type="stmt"/>
        <line num="91" count="1" type="stmt"/>
        <line num="92" count="1" type="stmt"/>
        <line num="94" count="0" type="stmt"/>
        <line num="95" count="0" type="stmt"/>
        <line num="98" count="1" type="stmt"/>
        <line num="101" count="9" type="stmt"/>
        <line num="108" count="0" type="stmt"/>
        <line num="114" count="2" type="stmt"/>
        <line num="117" count="8" type="stmt"/>
        <line num="133" count="1" type="stmt"/>
        <line num="138" count="8" type="stmt"/>
        <line num="146" count="2" type="stmt"/>
      </file>
    </package>
    <package name="CicloSeguro.src.screens.home">
      <metrics statements="53" coveredstatements="39" conditionals="4" coveredconditionals="2" methods="12" coveredmethods="7"/>
      <file name="Styles.js" path="C:\Users\zhyda\Documents\CicloSeguro\src\screens\home\Styles.js">
        <metrics statements="1" coveredstatements="1" conditionals="0" coveredconditionals="0" methods="0" coveredmethods="0"/>
        <line num="3" count="2" type="stmt"/>
      </file>
      <file name="index.js" path="C:\Users\zhyda\Documents\CicloSeguro\src\screens\home\index.js">
        <metrics statements="52" coveredstatements="38" conditionals="4" coveredconditionals="2" methods="12" coveredmethods="7"/>
        <line num="15" count="2" type="stmt"/>
        <line num="27" count="2" type="stmt"/>
        <line num="29" count="5" type="stmt"/>
        <line num="30" count="5" type="stmt"/>
        <line num="31" count="5" type="stmt"/>
        <line num="32" count="5" type="stmt"/>
        <line num="38" count="5" type="stmt"/>
        <line num="41" count="5" type="stmt"/>
        <line num="43" count="5" type="stmt"/>
        <line num="48" count="1" type="stmt"/>
        <line num="49" count="1" type="stmt"/>
        <line num="55" count="1" type="stmt"/>
        <line num="56" count="1" type="stmt"/>
        <line num="57" count="1" type="stmt"/>
        <line num="58" count="1" type="stmt"/>
        <line num="61" count="1" type="stmt"/>
        <line num="62" count="1" type="stmt"/>
        <line num="65" count="1" type="stmt"/>
        <line num="101" count="5" type="stmt"/>
        <line num="102" count="1" type="stmt"/>
        <line num="103" count="1" type="stmt"/>
        <line num="104" count="1" type="stmt"/>
        <line num="105" count="1" type="stmt"/>
        <line num="107" count="1" type="stmt"/>
        <line num="108" count="1" type="stmt"/>
        <line num="109" count="1" type="stmt"/>
        <line num="110" count="1" type="stmt"/>
        <line num="111" count="1" type="stmt"/>
        <line num="112" count="1" type="stmt"/>
        <line num="114" count="1" type="stmt"/>
        <line num="122" count="1" type="stmt"/>
        <line num="124" count="0" type="stmt"/>
        <line num="127" count="0" type="stmt"/>
        <line num="132" count="1" type="stmt"/>
        <line num="133" count="1" type="stmt"/>
        <line num="134" count="1" type="cond" truecount="1" falsecount="1"/>
        <line num="135" count="1" type="stmt"/>
        <line num="137" count="0" type="stmt"/>
        <line num="139" count="0" type="stmt"/>
        <line num="140" count="0" type="stmt"/>
        <line num="145" count="0" type="stmt"/>
        <line num="146" count="0" type="stmt"/>
        <line num="147" count="0" type="stmt"/>
        <line num="148" count="0" type="stmt"/>
        <line num="149" count="0" type="stmt"/>
        <line num="151" count="0" type="stmt"/>
        <line num="152" count="0" type="stmt"/>
        <line num="156" count="5" type="cond" truecount="1" falsecount="1"/>
        <line num="157" count="0" type="stmt"/>
        <line num="162" count="5" type="stmt"/>
        <line num="169" count="0" type="stmt"/>
        <line num="182" count="1" type="stmt"/>
      </file>
    </package>
    <package name="CicloSeguro.src.screens.home.alert">
      <metrics statements="6" coveredstatements="6" conditionals="0" coveredconditionals="0" methods="3" coveredmethods="3"/>
      <file name="Alert.js" path="C:\Users\zhyda\Documents\CicloSeguro\src\screens\home\alert\Alert.js">
        <metrics statements="5" coveredstatements="5" conditionals="0" coveredconditionals="0" methods="3" coveredmethods="3"/>
        <line num="9" count="2" type="stmt"/>
        <line num="11" count="2" type="stmt"/>
        <line num="12" count="1" type="stmt"/>
        <line num="15" count="2" type="stmt"/>
        <line num="24" count="1" type="stmt"/>
      </file>
      <file name="Styles.js" path="C:\Users\zhyda\Documents\CicloSeguro\src\screens\home\alert\Styles.js">
        <metrics statements="1" coveredstatements="1" conditionals="0" coveredconditionals="0" methods="0" coveredmethods="0"/>
        <line num="3" count="1" type="stmt"/>
      </file>
    </package>
    <package name="CicloSeguro.src.utils">
      <metrics statements="17" coveredstatements="14" conditionals="20" coveredconditionals="14" methods="1" coveredmethods="1"/>
      <file name="FormatNumber.js" path="C:\Users\zhyda\Documents\CicloSeguro\src\utils\FormatNumber.js">
        <metrics statements="17" coveredstatements="14" conditionals="20" coveredconditionals="14" methods="1" coveredmethods="1"/>
        <line num="2" count="33" type="cond" truecount="2" falsecount="0"/>
        <line num="3" count="1" type="stmt"/>
        <line num="5" count="32" type="cond" truecount="4" falsecount="0"/>
        <line num="6" count="1" type="stmt"/>
        <line num="8" count="31" type="cond" truecount="2" falsecount="0"/>
        <line num="9" count="1" type="stmt"/>
        <line num="10" count="1" type="cond" truecount="1" falsecount="1"/>
        <line num="11" count="0" type="stmt"/>
        <line num="13" count="1" type="cond" truecount="1" falsecount="1"/>
        <line num="14" count="1" type="stmt"/>
        <line num="16" count="0" type="cond" truecount="0" falsecount="4"/>
        <line num="17" count="0" type="stmt"/>
        <line num="20" count="30" type="cond" truecount="2" falsecount="0"/>
        <line num="21" count="1" type="stmt"/>
        <line num="23" count="29" type="cond" truecount="2" falsecount="0"/>
        <line num="24" count="27" type="stmt"/>
        <line num="26" count="2" type="stmt"/>
      </file>
    </package>
  </project>
</coverage>
