{"C:\\Users\\zhyda\\Documents\\CicloSeguro\\App.js": {"path":"C:\\Users\\zhyda\\Documents\\CicloSeguro\\App.js","statementMap":{"0":{"start":{"line":8,"column":14},"end":{"line":8,"column":42}},"1":{"start":{"line":11,"column":2},"end":{"line":18,"column":4}}},"fnMap":{"0":{"name":"App","decl":{"start":{"line":10,"column":24},"end":{"line":10,"column":27}},"loc":{"start":{"line":10,"column":30},"end":{"line":19,"column":1}},"line":10}},"branchMap":{},"s":{"0":1,"1":1},"f":{"0":1},"b":{},"_coverageSchema":"1a1c01bbd47fc00a2c39e90264f33305004495a9","hash":"f52718d2f9c9975c6549fa17cc9667e058cf2ae2"}
,"C:\\Users\\zhyda\\Documents\\CicloSeguro\\metro.config.js": {"path":"C:\\Users\\zhyda\\Documents\\CicloSeguro\\metro.config.js","statementMap":{"0":{"start":{"line":1,"column":29},"end":{"line":1,"column":58}},"1":{"start":{"line":3,"column":22},"end":{"line":3,"column":49}},"2":{"start":{"line":4,"column":0},"end":{"line":4,"column":45}},"3":{"start":{"line":6,"column":0},"end":{"line":6,"column":31}}},"fnMap":{},"branchMap":{},"s":{"0":0,"1":0,"2":0,"3":0},"f":{},"b":{}}
,"C:\\Users\\zhyda\\Documents\\CicloSeguro\\src\\components\\HeaderComponent.js": {"path":"C:\\Users\\zhyda\\Documents\\CicloSeguro\\src\\components\\HeaderComponent.js","statementMap":{"0":{"start":{"line":14,"column":32},"end":{"line":14,"column":47}},"1":{"start":{"line":15,"column":4},"end":{"line":51,"column":6}},"2":{"start":{"line":28,"column":24},"end":{"line":37,"column":26}},"3":{"start":{"line":31,"column":32},"end":{"line":31,"column":95}},"4":{"start":{"line":33,"column":43},"end":{"line":33,"column":79}},"5":{"start":{"line":33,"column":68},"end":{"line":33,"column":78}},"6":{"start":{"line":54,"column":15},"end":{"line":70,"column":2}}},"fnMap":{"0":{"name":"Header","decl":{"start":{"line":13,"column":9},"end":{"line":13,"column":15}},"loc":{"start":{"line":13,"column":52},"end":{"line":52,"column":1}},"line":13},"1":{"name":"(anonymous_1)","decl":{"start":{"line":27,"column":29},"end":{"line":27,"column":30}},"loc":{"start":{"line":28,"column":24},"end":{"line":37,"column":26}},"line":28},"2":{"name":"(anonymous_2)","decl":{"start":{"line":30,"column":34},"end":{"line":30,"column":35}},"loc":{"start":{"line":31,"column":32},"end":{"line":31,"column":95}},"line":31},"3":{"name":"(anonymous_3)","decl":{"start":{"line":33,"column":37},"end":{"line":33,"column":38}},"loc":{"start":{"line":33,"column":43},"end":{"line":33,"column":79}},"line":33},"4":{"name":"(anonymous_4)","decl":{"start":{"line":33,"column":55},"end":{"line":33,"column":56}},"loc":{"start":{"line":33,"column":68},"end":{"line":33,"column":78}},"line":33}},"branchMap":{"0":{"loc":{"start":{"line":31,"column":44},"end":{"line":31,"column":71}},"type":"cond-expr","locations":[{"start":{"line":31,"column":55},"end":{"line":31,"column":62}},{"start":{"line":31,"column":65},"end":{"line":31,"column":71}}],"line":31}},"s":{"0":6,"1":6,"2":6,"3":6,"4":2,"5":2,"6":4},"f":{"0":6,"1":6,"2":6,"3":2,"4":2},"b":{"0":[1,5]},"_coverageSchema":"1a1c01bbd47fc00a2c39e90264f33305004495a9","hash":"4c2f6046e7e22129c5d8fe92357c717f6d4d4de4"}
,"C:\\Users\\zhyda\\Documents\\CicloSeguro\\src\\components\\MenuComponent.js": {"path":"C:\\Users\\zhyda\\Documents\\CicloSeguro\\src\\components\\MenuComponent.js","statementMap":{"0":{"start":{"line":9,"column":4},"end":{"line":28,"column":6}},"1":{"start":{"line":13,"column":49},"end":{"line":13,"column":82}},"2":{"start":{"line":20,"column":49},"end":{"line":20,"column":91}},"3":{"start":{"line":31,"column":15},"end":{"line":65,"column":2}}},"fnMap":{"0":{"name":"Menu","decl":{"start":{"line":8,"column":9},"end":{"line":8,"column":13}},"loc":{"start":{"line":8,"column":30},"end":{"line":29,"column":1}},"line":8},"1":{"name":"(anonymous_1)","decl":{"start":{"line":13,"column":43},"end":{"line":13,"column":44}},"loc":{"start":{"line":13,"column":49},"end":{"line":13,"column":82}},"line":13},"2":{"name":"(anonymous_2)","decl":{"start":{"line":20,"column":43},"end":{"line":20,"column":44}},"loc":{"start":{"line":20,"column":49},"end":{"line":20,"column":91}},"line":20}},"branchMap":{},"s":{"0":9,"1":1,"2":1,"3":5},"f":{"0":9,"1":1,"2":1},"b":{},"_coverageSchema":"1a1c01bbd47fc00a2c39e90264f33305004495a9","hash":"9188996a5eef31ac093b5fb9397bfeb2db5f00d6"}
,"C:\\Users\\zhyda\\Documents\\CicloSeguro\\src\\components\\default\\alert\\Alert.js": {"path":"C:\\Users\\zhyda\\Documents\\CicloSeguro\\src\\components\\default\\alert\\Alert.js","statementMap":{"0":{"start":{"line":9,"column":34},"end":{"line":9,"column":49}},"1":{"start":{"line":11,"column":4},"end":{"line":13,"column":22}},"2":{"start":{"line":12,"column":8},"end":{"line":12,"column":32}},"3":{"start":{"line":15,"column":4},"end":{"line":36,"column":5}},"4":{"start":{"line":24,"column":77},"end":{"line":24,"column":86}}},"fnMap":{"0":{"name":"Alert","decl":{"start":{"line":7,"column":9},"end":{"line":7,"column":14}},"loc":{"start":{"line":7,"column":74},"end":{"line":38,"column":1}},"line":7},"1":{"name":"(anonymous_1)","decl":{"start":{"line":11,"column":14},"end":{"line":11,"column":15}},"loc":{"start":{"line":11,"column":20},"end":{"line":13,"column":5}},"line":11},"2":{"name":"(anonymous_2)","decl":{"start":{"line":24,"column":71},"end":{"line":24,"column":72}},"loc":{"start":{"line":24,"column":77},"end":{"line":24,"column":86}},"line":24}},"branchMap":{},"s":{"0":20,"1":20,"2":7,"3":20,"4":1},"f":{"0":20,"1":7,"2":1},"b":{},"_coverageSchema":"1a1c01bbd47fc00a2c39e90264f33305004495a9","hash":"39231efc08dff92cded8d89e023b8f57217ef4a4"}
,"C:\\Users\\zhyda\\Documents\\CicloSeguro\\src\\components\\default\\alert\\Styles.js": {"path":"C:\\Users\\zhyda\\Documents\\CicloSeguro\\src\\components\\default\\alert\\Styles.js","statementMap":{"0":{"start":{"line":3,"column":15},"end":{"line":40,"column":2}}},"fnMap":{},"branchMap":{},"s":{"0":4},"f":{},"b":{},"_coverageSchema":"1a1c01bbd47fc00a2c39e90264f33305004495a9","hash":"27bfb767347fb593dcdc6faae54df47f0582cf7e"}
,"C:\\Users\\zhyda\\Documents\\CicloSeguro\\src\\components\\default\\empty\\ListEmpty.js": {"path":"C:\\Users\\zhyda\\Documents\\CicloSeguro\\src\\components\\default\\empty\\ListEmpty.js","statementMap":{"0":{"start":{"line":5,"column":4},"end":{"line":9,"column":5}}},"fnMap":{"0":{"name":"ListEmpty","decl":{"start":{"line":4,"column":9},"end":{"line":4,"column":18}},"loc":{"start":{"line":4,"column":21},"end":{"line":10,"column":1}},"line":4}},"branchMap":{},"s":{"0":3},"f":{"0":3},"b":{},"_coverageSchema":"1a1c01bbd47fc00a2c39e90264f33305004495a9","hash":"e2c3f94a121b831dfabcbf57a1ef64d825523b35"}
,"C:\\Users\\zhyda\\Documents\\CicloSeguro\\src\\components\\default\\load\\Load.js": {"path":"C:\\Users\\zhyda\\Documents\\CicloSeguro\\src\\components\\default\\load\\Load.js","statementMap":{"0":{"start":{"line":7,"column":32},"end":{"line":7,"column":46}},"1":{"start":{"line":9,"column":2},"end":{"line":11,"column":13}},"2":{"start":{"line":10,"column":4},"end":{"line":10,"column":29}},"3":{"start":{"line":14,"column":2},"end":{"line":33,"column":3}},"4":{"start":{"line":16,"column":4},"end":{"line":27,"column":5}},"5":{"start":{"line":31,"column":4},"end":{"line":31,"column":15}}},"fnMap":{"0":{"name":"Load","decl":{"start":{"line":5,"column":9},"end":{"line":5,"column":13}},"loc":{"start":{"line":5,"column":21},"end":{"line":34,"column":1}},"line":5},"1":{"name":"(anonymous_1)","decl":{"start":{"line":9,"column":12},"end":{"line":9,"column":13}},"loc":{"start":{"line":9,"column":18},"end":{"line":11,"column":3}},"line":9}},"branchMap":{"0":{"loc":{"start":{"line":14,"column":2},"end":{"line":33,"column":3}},"type":"if","locations":[{"start":{"line":14,"column":2},"end":{"line":33,"column":3}},{"start":{"line":29,"column":7},"end":{"line":33,"column":3}}],"line":14}},"s":{"0":3,"1":3,"2":2,"3":3,"4":2,"5":1},"f":{"0":3,"1":2},"b":{"0":[2,1]},"_coverageSchema":"1a1c01bbd47fc00a2c39e90264f33305004495a9","hash":"a20346d4d2b00c480cfd7ed30dd2cc4554ce2921"}
,"C:\\Users\\zhyda\\Documents\\CicloSeguro\\src\\components\\default\\load\\Styles.js": {"path":"C:\\Users\\zhyda\\Documents\\CicloSeguro\\src\\components\\default\\load\\Styles.js","statementMap":{"0":{"start":{"line":3,"column":15},"end":{"line":17,"column":2}}},"fnMap":{},"branchMap":{},"s":{"0":3},"f":{},"b":{},"_coverageSchema":"1a1c01bbd47fc00a2c39e90264f33305004495a9","hash":"f5fd466261203403116eb52582f1f778ab633c45"}
,"C:\\Users\\zhyda\\Documents\\CicloSeguro\\src\\config\\firebaseconfig.js": {"path":"C:\\Users\\zhyda\\Documents\\CicloSeguro\\src\\config\\firebaseconfig.js","statementMap":{"0":{"start":{"line":6,"column":23},"end":{"line":14,"column":1}},"1":{"start":{"line":16,"column":12},"end":{"line":16,"column":41}},"2":{"start":{"line":17,"column":11},"end":{"line":17,"column":25}},"3":{"start":{"line":19,"column":15},"end":{"line":19,"column":44}},"4":{"start":{"line":22,"column":15},"end":{"line":22,"column":39}},"5":{"start":{"line":23,"column":19},"end":{"line":23,"column":21}},"6":{"start":{"line":25,"column":15},"end":{"line":25,"column":61}}},"fnMap":{},"branchMap":{},"s":{"0":2,"1":2,"2":2,"3":2,"4":2,"5":2,"6":2},"f":{},"b":{},"_coverageSchema":"1a1c01bbd47fc00a2c39e90264f33305004495a9","hash":"60ed8274d9059dde98ab13f9dc718789f5a6994b"}
,"C:\\Users\\zhyda\\Documents\\CicloSeguro\\src\\controllers\\ContactController.js": {"path":"C:\\Users\\zhyda\\Documents\\CicloSeguro\\src\\controllers\\ContactController.js","statementMap":{"0":{"start":{"line":1,"column":28},"end":{"line":3,"column":1}},"1":{"start":{"line":2,"column":4},"end":{"line":2,"column":56}}},"fnMap":{"0":{"name":"(anonymous_0)","decl":{"start":{"line":1,"column":28},"end":{"line":1,"column":29}},"loc":{"start":{"line":1,"column":43},"end":{"line":3,"column":1}},"line":1}},"branchMap":{"0":{"loc":{"start":{"line":2,"column":11},"end":{"line":2,"column":55}},"type":"binary-expr","locations":[{"start":{"line":2,"column":11},"end":{"line":2,"column":37}},{"start":{"line":2,"column":41},"end":{"line":2,"column":55}}],"line":2}},"s":{"0":3,"1":20},"f":{"0":20},"b":{"0":[20,20]},"_coverageSchema":"1a1c01bbd47fc00a2c39e90264f33305004495a9","hash":"62809824ce448d287705b50c8e80cfc9aadc95dc"}
,"C:\\Users\\zhyda\\Documents\\CicloSeguro\\src\\screens\\contact\\ContactItem.js": {"path":"C:\\Users\\zhyda\\Documents\\CicloSeguro\\src\\screens\\contact\\ContactItem.js","statementMap":{"0":{"start":{"line":6,"column":20},"end":{"line":26,"column":1}},"1":{"start":{"line":7,"column":4},"end":{"line":25,"column":6}}},"fnMap":{"0":{"name":"(anonymous_0)","decl":{"start":{"line":6,"column":20},"end":{"line":6,"column":21}},"loc":{"start":{"line":6,"column":35},"end":{"line":26,"column":1}},"line":6}},"branchMap":{"0":{"loc":{"start":{"line":12,"column":21},"end":{"line":12,"column":81}},"type":"cond-expr","locations":[{"start":{"line":12,"column":47},"end":{"line":12,"column":76}},{"start":{"line":12,"column":79},"end":{"line":12,"column":81}}],"line":12},"1":{"loc":{"start":{"line":12,"column":21},"end":{"line":12,"column":44}},"type":"binary-expr","locations":[{"start":{"line":12,"column":21},"end":{"line":12,"column":28}},{"start":{"line":12,"column":32},"end":{"line":12,"column":44}}],"line":12}},"s":{"0":4,"1":19},"f":{"0":19},"b":{"0":[19,0],"1":[19,19]},"_coverageSchema":"1a1c01bbd47fc00a2c39e90264f33305004495a9","hash":"332e8cbf71fbc8d011222efaa5b4a2f82213569d"}
,"C:\\Users\\zhyda\\Documents\\CicloSeguro\\src\\screens\\contact\\ModalContacts.js": {"path":"C:\\Users\\zhyda\\Documents\\CicloSeguro\\src\\screens\\contact\\ModalContacts.js","statementMap":{"0":{"start":{"line":15,"column":42},"end":{"line":15,"column":57}},"1":{"start":{"line":18,"column":34},"end":{"line":18,"column":46}},"2":{"start":{"line":21,"column":38},"end":{"line":21,"column":50}},"3":{"start":{"line":27,"column":4},"end":{"line":27,"column":29}},"4":{"start":{"line":28,"column":4},"end":{"line":28,"column":27}},"5":{"start":{"line":32,"column":4},"end":{"line":32,"column":24}},"6":{"start":{"line":35,"column":2},"end":{"line":66,"column":21}},"7":{"start":{"line":36,"column":4},"end":{"line":38,"column":5}},"8":{"start":{"line":37,"column":6},"end":{"line":37,"column":24}},"9":{"start":{"line":39,"column":4},"end":{"line":65,"column":9}},"10":{"start":{"line":40,"column":25},"end":{"line":40,"column":71}},"11":{"start":{"line":41,"column":6},"end":{"line":64,"column":7}},"12":{"start":{"line":42,"column":25},"end":{"line":44,"column":10}},"13":{"start":{"line":46,"column":8},"end":{"line":63,"column":9}},"14":{"start":{"line":47,"column":27},"end":{"line":61,"column":12}},"15":{"start":{"line":48,"column":12},"end":{"line":60,"column":13}},"16":{"start":{"line":49,"column":14},"end":{"line":53,"column":16}},"17":{"start":{"line":55,"column":14},"end":{"line":59,"column":16}},"18":{"start":{"line":62,"column":10},"end":{"line":62,"column":32}},"19":{"start":{"line":69,"column":4},"end":{"line":69,"column":26}},"20":{"start":{"line":72,"column":21},"end":{"line":82,"column":3}},"21":{"start":{"line":73,"column":4},"end":{"line":81,"column":5}},"22":{"start":{"line":74,"column":6},"end":{"line":78,"column":8}},"23":{"start":{"line":75,"column":41},"end":{"line":75,"column":63}},"24":{"start":{"line":80,"column":6},"end":{"line":80,"column":18}},"25":{"start":{"line":84,"column":2},"end":{"line":124,"column":4}},"26":{"start":{"line":96,"column":69},"end":{"line":96,"column":91}},"27":{"start":{"line":117,"column":29},"end":{"line":117,"column":51}}},"fnMap":{"0":{"name":"ModalContacts","decl":{"start":{"line":13,"column":9},"end":{"line":13,"column":22}},"loc":{"start":{"line":13,"column":41},"end":{"line":125,"column":1}},"line":13},"1":{"name":"handleAddContact","decl":{"start":{"line":26,"column":11},"end":{"line":26,"column":27}},"loc":{"start":{"line":26,"column":41},"end":{"line":29,"column":3}},"line":26},"2":{"name":"handleSearch","decl":{"start":{"line":31,"column":11},"end":{"line":31,"column":23}},"loc":{"start":{"line":31,"column":30},"end":{"line":33,"column":3}},"line":31},"3":{"name":"(anonymous_3)","decl":{"start":{"line":35,"column":12},"end":{"line":35,"column":13}},"loc":{"start":{"line":35,"column":18},"end":{"line":66,"column":3}},"line":35},"4":{"name":"(anonymous_4)","decl":{"start":{"line":39,"column":5},"end":{"line":39,"column":6}},"loc":{"start":{"line":39,"column":17},"end":{"line":65,"column":5}},"line":39},"5":{"name":"(anonymous_5)","decl":{"start":{"line":47,"column":36},"end":{"line":47,"column":37}},"loc":{"start":{"line":47,"column":47},"end":{"line":61,"column":11}},"line":47},"6":{"name":"openContactsModal","decl":{"start":{"line":68,"column":11},"end":{"line":68,"column":28}},"loc":{"start":{"line":68,"column":31},"end":{"line":70,"column":3}},"line":68},"7":{"name":"(anonymous_7)","decl":{"start":{"line":72,"column":21},"end":{"line":72,"column":22}},"loc":{"start":{"line":72,"column":33},"end":{"line":82,"column":3}},"line":72},"8":{"name":"(anonymous_8)","decl":{"start":{"line":75,"column":35},"end":{"line":75,"column":36}},"loc":{"start":{"line":75,"column":41},"end":{"line":75,"column":63}},"line":75},"9":{"name":"(anonymous_9)","decl":{"start":{"line":96,"column":63},"end":{"line":96,"column":64}},"loc":{"start":{"line":96,"column":69},"end":{"line":96,"column":91}},"line":96},"10":{"name":"(anonymous_10)","decl":{"start":{"line":117,"column":23},"end":{"line":117,"column":24}},"loc":{"start":{"line":117,"column":29},"end":{"line":117,"column":51}},"line":117}},"branchMap":{"0":{"loc":{"start":{"line":36,"column":4},"end":{"line":38,"column":5}},"type":"if","locations":[{"start":{"line":36,"column":4},"end":{"line":38,"column":5}},{"start":{},"end":{}}],"line":36},"1":{"loc":{"start":{"line":40,"column":25},"end":{"line":40,"column":71}},"type":"binary-expr","locations":[{"start":{"line":40,"column":25},"end":{"line":40,"column":65}},{"start":{"line":40,"column":69},"end":{"line":40,"column":71}}],"line":40},"2":{"loc":{"start":{"line":41,"column":6},"end":{"line":64,"column":7}},"type":"if","locations":[{"start":{"line":41,"column":6},"end":{"line":64,"column":7}},{"start":{},"end":{}}],"line":41},"3":{"loc":{"start":{"line":46,"column":8},"end":{"line":63,"column":9}},"type":"if","locations":[{"start":{"line":46,"column":8},"end":{"line":63,"column":9}},{"start":{},"end":{}}],"line":46},"4":{"loc":{"start":{"line":46,"column":12},"end":{"line":46,"column":35}},"type":"binary-expr","locations":[{"start":{"line":46,"column":12},"end":{"line":46,"column":16}},{"start":{"line":46,"column":20},"end":{"line":46,"column":35}}],"line":46},"5":{"loc":{"start":{"line":48,"column":12},"end":{"line":60,"column":13}},"type":"if","locations":[{"start":{"line":48,"column":12},"end":{"line":60,"column":13}},{"start":{"line":54,"column":17},"end":{"line":60,"column":13}}],"line":48},"6":{"loc":{"start":{"line":48,"column":15},"end":{"line":48,"column":70}},"type":"binary-expr","locations":[{"start":{"line":48,"column":15},"end":{"line":48,"column":35}},{"start":{"line":48,"column":39},"end":{"line":48,"column":70}}],"line":48},"7":{"loc":{"start":{"line":73,"column":4},"end":{"line":81,"column":5}},"type":"if","locations":[{"start":{"line":73,"column":4},"end":{"line":81,"column":5}},{"start":{"line":79,"column":11},"end":{"line":81,"column":5}}],"line":73},"8":{"loc":{"start":{"line":73,"column":8},"end":{"line":73,"column":82}},"type":"binary-expr","locations":[{"start":{"line":73,"column":8},"end":{"line":73,"column":19}},{"start":{"line":73,"column":23},"end":{"line":73,"column":82}}],"line":73}},"s":{"0":46,"1":46,"2":46,"3":2,"4":2,"5":2,"6":46,"7":22,"8":14,"9":22,"10":22,"11":22,"12":19,"13":19,"14":10,"15":20,"16":20,"17":0,"18":10,"19":8,"20":46,"21":20,"22":18,"23":2,"24":2,"25":46,"26":2,"27":1},"f":{"0":46,"1":2,"2":2,"3":22,"4":22,"5":20,"6":8,"7":20,"8":2,"9":2,"10":1},"b":{"0":[14,8],"1":[22,3],"2":[19,3],"3":[10,9],"4":[19,19],"5":[20,0],"6":[20,20],"7":[18,2],"8":[20,4]},"_coverageSchema":"1a1c01bbd47fc00a2c39e90264f33305004495a9","hash":"ea0ed3666e7b44eae0fcacd7d478a087bcfe61e6"}
,"C:\\Users\\zhyda\\Documents\\CicloSeguro\\src\\screens\\contact\\Styles.js": {"path":"C:\\Users\\zhyda\\Documents\\CicloSeguro\\src\\screens\\contact\\Styles.js","statementMap":{"0":{"start":{"line":3,"column":15},"end":{"line":128,"column":2}}},"fnMap":{},"branchMap":{},"s":{"0":4},"f":{},"b":{},"_coverageSchema":"1a1c01bbd47fc00a2c39e90264f33305004495a9","hash":"d7c578955a0de44294a3b4cf8f5fe26ff696e80d"}
,"C:\\Users\\zhyda\\Documents\\CicloSeguro\\src\\screens\\contact\\StylesIndex.js": {"path":"C:\\Users\\zhyda\\Documents\\CicloSeguro\\src\\screens\\contact\\StylesIndex.js","statementMap":{"0":{"start":{"line":3,"column":15},"end":{"line":58,"column":2}}},"fnMap":{},"branchMap":{},"s":{"0":2},"f":{},"b":{},"_coverageSchema":"1a1c01bbd47fc00a2c39e90264f33305004495a9","hash":"e67679c2b13b80f2a1e72c3634ee75c572ea96e8"}
,"C:\\Users\\zhyda\\Documents\\CicloSeguro\\src\\screens\\contact\\index.js": {"path":"C:\\Users\\zhyda\\Documents\\CicloSeguro\\src\\screens\\contact\\index.js","statementMap":{"0":{"start":{"line":15,"column":34},"end":{"line":15,"column":46}},"1":{"start":{"line":18,"column":42},"end":{"line":18,"column":57}},"2":{"start":{"line":19,"column":38},"end":{"line":19,"column":52}},"3":{"start":{"line":20,"column":36},"end":{"line":20,"column":50}},"4":{"start":{"line":21,"column":46},"end":{"line":21,"column":60}},"5":{"start":{"line":23,"column":2},"end":{"line":46,"column":9}},"6":{"start":{"line":24,"column":24},"end":{"line":33,"column":5}},"7":{"start":{"line":25,"column":6},"end":{"line":32,"column":7}},"8":{"start":{"line":26,"column":25},"end":{"line":26,"column":64}},"9":{"start":{"line":27,"column":8},"end":{"line":29,"column":9}},"10":{"start":{"line":28,"column":10},"end":{"line":28,"column":44}},"11":{"start":{"line":34,"column":4},"end":{"line":34,"column":18}},"12":{"start":{"line":48,"column":27},"end":{"line":51,"column":3}},"13":{"start":{"line":49,"column":4},"end":{"line":49,"column":26}},"14":{"start":{"line":50,"column":4},"end":{"line":50,"column":31}},"15":{"start":{"line":53,"column":25},"end":{"line":56,"column":3}},"16":{"start":{"line":54,"column":4},"end":{"line":54,"column":26}},"17":{"start":{"line":55,"column":4},"end":{"line":55,"column":29}},"18":{"start":{"line":58,"column":27},"end":{"line":82,"column":3}},"19":{"start":{"line":59,"column":26},"end":{"line":61,"column":5}},"20":{"start":{"line":60,"column":17},"end":{"line":60,"column":45}},"21":{"start":{"line":63,"column":4},"end":{"line":68,"column":5}},"22":{"start":{"line":64,"column":6},"end":{"line":64,"column":45}},"23":{"start":{"line":65,"column":6},"end":{"line":65,"column":23}},"24":{"start":{"line":66,"column":6},"end":{"line":66,"column":28}},"25":{"start":{"line":67,"column":6},"end":{"line":67,"column":13}},"26":{"start":{"line":70,"column":4},"end":{"line":70,"column":43}},"27":{"start":{"line":72,"column":4},"end":{"line":79,"column":5}},"28":{"start":{"line":73,"column":6},"end":{"line":73,"column":89}},"29":{"start":{"line":74,"column":6},"end":{"line":74,"column":42}},"30":{"start":{"line":75,"column":6},"end":{"line":75,"column":25}},"31":{"start":{"line":77,"column":6},"end":{"line":77,"column":27}},"32":{"start":{"line":78,"column":6},"end":{"line":78,"column":23}},"33":{"start":{"line":81,"column":4},"end":{"line":81,"column":26}},"34":{"start":{"line":84,"column":30},"end":{"line":99,"column":3}},"35":{"start":{"line":85,"column":24},"end":{"line":85,"column":37}},"36":{"start":{"line":86,"column":4},"end":{"line":86,"column":33}},"37":{"start":{"line":87,"column":4},"end":{"line":87,"column":29}},"38":{"start":{"line":89,"column":4},"end":{"line":96,"column":5}},"39":{"start":{"line":90,"column":6},"end":{"line":90,"column":75}},"40":{"start":{"line":91,"column":6},"end":{"line":91,"column":40}},"41":{"start":{"line":92,"column":6},"end":{"line":92,"column":25}},"42":{"start":{"line":94,"column":6},"end":{"line":94,"column":27}},"43":{"start":{"line":95,"column":6},"end":{"line":95,"column":23}},"44":{"start":{"line":98,"column":4},"end":{"line":98,"column":26}},"45":{"start":{"line":101,"column":2},"end":{"line":142,"column":4}},"46":{"start":{"line":108,"column":23},"end":{"line":108,"column":53}},"47":{"start":{"line":114,"column":12},"end":{"line":114,"column":32}},"48":{"start":{"line":117,"column":10},"end":{"line":136,"column":17}},"49":{"start":{"line":133,"column":72},"end":{"line":133,"column":98}},"50":{"start":{"line":138,"column":39},"end":{"line":138,"column":55}},"51":{"start":{"line":146,"column":2},"end":{"line":148,"column":4}}},"fnMap":{"0":{"name":"ContactManageContent","decl":{"start":{"line":13,"column":9},"end":{"line":13,"column":29}},"loc":{"start":{"line":13,"column":32},"end":{"line":143,"column":1}},"line":13},"1":{"name":"(anonymous_1)","decl":{"start":{"line":23,"column":12},"end":{"line":23,"column":13}},"loc":{"start":{"line":23,"column":18},"end":{"line":46,"column":3}},"line":23},"2":{"name":"(anonymous_2)","decl":{"start":{"line":24,"column":24},"end":{"line":24,"column":25}},"loc":{"start":{"line":24,"column":36},"end":{"line":33,"column":5}},"line":24},"3":{"name":"(anonymous_3)","decl":{"start":{"line":48,"column":27},"end":{"line":48,"column":28}},"loc":{"start":{"line":48,"column":33},"end":{"line":51,"column":3}},"line":48},"4":{"name":"(anonymous_4)","decl":{"start":{"line":53,"column":25},"end":{"line":53,"column":26}},"loc":{"start":{"line":53,"column":31},"end":{"line":56,"column":3}},"line":53},"5":{"name":"(anonymous_5)","decl":{"start":{"line":58,"column":27},"end":{"line":58,"column":28}},"loc":{"start":{"line":58,"column":49},"end":{"line":82,"column":3}},"line":58},"6":{"name":"(anonymous_6)","decl":{"start":{"line":60,"column":6},"end":{"line":60,"column":7}},"loc":{"start":{"line":60,"column":17},"end":{"line":60,"column":45}},"line":60},"7":{"name":"(anonymous_7)","decl":{"start":{"line":84,"column":30},"end":{"line":84,"column":31}},"loc":{"start":{"line":84,"column":47},"end":{"line":99,"column":3}},"line":84},"8":{"name":"(anonymous_8)","decl":{"start":{"line":108,"column":17},"end":{"line":108,"column":18}},"loc":{"start":{"line":108,"column":23},"end":{"line":108,"column":53}},"line":108},"9":{"name":"(anonymous_9)","decl":{"start":{"line":113,"column":29},"end":{"line":113,"column":30}},"loc":{"start":{"line":113,"column":35},"end":{"line":115,"column":9}},"line":113},"10":{"name":"(anonymous_10)","decl":{"start":{"line":116,"column":20},"end":{"line":116,"column":21}},"loc":{"start":{"line":117,"column":10},"end":{"line":136,"column":17}},"line":117},"11":{"name":"(anonymous_11)","decl":{"start":{"line":133,"column":66},"end":{"line":133,"column":67}},"loc":{"start":{"line":133,"column":72},"end":{"line":133,"column":98}},"line":133},"12":{"name":"(anonymous_12)","decl":{"start":{"line":138,"column":22},"end":{"line":138,"column":23}},"loc":{"start":{"line":138,"column":39},"end":{"line":138,"column":55}},"line":138},"13":{"name":"ContactManageScreen","decl":{"start":{"line":145,"column":9},"end":{"line":145,"column":28}},"loc":{"start":{"line":145,"column":43},"end":{"line":149,"column":1}},"line":145}},"branchMap":{"0":{"loc":{"start":{"line":27,"column":8},"end":{"line":29,"column":9}},"type":"if","locations":[{"start":{"line":27,"column":8},"end":{"line":29,"column":9}},{"start":{},"end":{}}],"line":27},"1":{"loc":{"start":{"line":63,"column":4},"end":{"line":68,"column":5}},"type":"if","locations":[{"start":{"line":63,"column":4},"end":{"line":68,"column":5}},{"start":{},"end":{}}],"line":63}},"s":{"0":9,"1":9,"2":9,"3":9,"4":9,"5":9,"6":2,"7":2,"8":2,"9":2,"10":2,"11":2,"12":9,"13":1,"14":1,"15":9,"16":0,"17":0,"18":9,"19":0,"20":0,"21":0,"22":0,"23":0,"24":0,"25":0,"26":0,"27":0,"28":0,"29":0,"30":0,"31":0,"32":0,"33":0,"34":9,"35":1,"36":1,"37":1,"38":1,"39":1,"40":1,"41":1,"42":0,"43":0,"44":1,"45":9,"46":0,"47":2,"48":8,"49":1,"50":8,"51":2},"f":{"0":9,"1":2,"2":2,"3":1,"4":0,"5":0,"6":0,"7":1,"8":0,"9":2,"10":8,"11":1,"12":8,"13":2},"b":{"0":[2,0],"1":[0,0]},"_coverageSchema":"1a1c01bbd47fc00a2c39e90264f33305004495a9","hash":"7adc0c7116c19b262be3f51d60cdee062f371dcb"}
,"C:\\Users\\zhyda\\Documents\\CicloSeguro\\src\\screens\\home\\Styles.js": {"path":"C:\\Users\\zhyda\\Documents\\CicloSeguro\\src\\screens\\home\\Styles.js","statementMap":{"0":{"start":{"line":3,"column":15},"end":{"line":25,"column":2}}},"fnMap":{},"branchMap":{},"s":{"0":2},"f":{},"b":{},"_coverageSchema":"1a1c01bbd47fc00a2c39e90264f33305004495a9","hash":"cd1a32571f8b5b34d8d160c76c92b0cc30ec14f0"}
,"C:\\Users\\zhyda\\Documents\\CicloSeguro\\src\\screens\\home\\index.js": {"path":"C:\\Users\\zhyda\\Documents\\CicloSeguro\\src\\screens\\home\\index.js","statementMap":{"0":{"start":{"line":15,"column":15},"end":{"line":15,"column":44}},"1":{"start":{"line":27,"column":20},"end":{"line":178,"column":1}},"2":{"start":{"line":29,"column":42},"end":{"line":29,"column":57}},"3":{"start":{"line":30,"column":38},"end":{"line":30,"column":52}},"4":{"start":{"line":31,"column":36},"end":{"line":31,"column":50}},"5":{"start":{"line":32,"column":46},"end":{"line":32,"column":60}},"6":{"start":{"line":38,"column":26},"end":{"line":38,"column":41}},"7":{"start":{"line":41,"column":34},"end":{"line":41,"column":68}},"8":{"start":{"line":43,"column":2},"end":{"line":45,"column":9}},"9":{"start":{"line":48,"column":20},"end":{"line":48,"column":144}},"10":{"start":{"line":49,"column":4},"end":{"line":49,"column":19}},"11":{"start":{"line":55,"column":19},"end":{"line":55,"column":30}},"12":{"start":{"line":56,"column":19},"end":{"line":56,"column":27}},"13":{"start":{"line":57,"column":20},"end":{"line":57,"column":31}},"14":{"start":{"line":58,"column":20},"end":{"line":58,"column":29}},"15":{"start":{"line":61,"column":16},"end":{"line":61,"column":58}},"16":{"start":{"line":62,"column":17},"end":{"line":62,"column":62}},"17":{"start":{"line":65,"column":4},"end":{"line":65,"column":46}},"18":{"start":{"line":101,"column":28},"end":{"line":129,"column":3}},"19":{"start":{"line":102,"column":21},"end":{"line":102,"column":45}},"20":{"start":{"line":103,"column":20},"end":{"line":103,"column":50}},"21":{"start":{"line":103,"column":40},"end":{"line":103,"column":49}},"22":{"start":{"line":104,"column":27},"end":{"line":104,"column":51}},"23":{"start":{"line":105,"column":17},"end":{"line":105,"column":96}},"24":{"start":{"line":107,"column":14},"end":{"line":107,"column":145}},"25":{"start":{"line":108,"column":4},"end":{"line":108,"column":38}},"26":{"start":{"line":109,"column":4},"end":{"line":109,"column":25}},"27":{"start":{"line":110,"column":4},"end":{"line":110,"column":33}},"28":{"start":{"line":111,"column":4},"end":{"line":111,"column":26}},"29":{"start":{"line":112,"column":4},"end":{"line":112,"column":25}},"30":{"start":{"line":114,"column":17},"end":{"line":120,"column":5}},"31":{"start":{"line":122,"column":4},"end":{"line":128,"column":9}},"32":{"start":{"line":124,"column":8},"end":{"line":124,"column":68}},"33":{"start":{"line":127,"column":8},"end":{"line":127,"column":61}},"34":{"start":{"line":132,"column":4},"end":{"line":141,"column":5}},"35":{"start":{"line":133,"column":23},"end":{"line":133,"column":62}},"36":{"start":{"line":134,"column":6},"end":{"line":136,"column":7}},"37":{"start":{"line":135,"column":8},"end":{"line":135,"column":36}},"38":{"start":{"line":137,"column":6},"end":{"line":137,"column":16}},"39":{"start":{"line":139,"column":6},"end":{"line":139,"column":25}},"40":{"start":{"line":140,"column":6},"end":{"line":140,"column":16}},"41":{"start":{"line":145,"column":4},"end":{"line":153,"column":5}},"42":{"start":{"line":146,"column":6},"end":{"line":146,"column":57}},"43":{"start":{"line":147,"column":25},"end":{"line":147,"column":65}},"44":{"start":{"line":148,"column":6},"end":{"line":148,"column":21}},"45":{"start":{"line":149,"column":6},"end":{"line":149,"column":20}},"46":{"start":{"line":151,"column":6},"end":{"line":151,"column":25}},"47":{"start":{"line":152,"column":6},"end":{"line":152,"column":16}},"48":{"start":{"line":156,"column":2},"end":{"line":160,"column":3}},"49":{"start":{"line":157,"column":4},"end":{"line":159,"column":6}},"50":{"start":{"line":162,"column":2},"end":{"line":177,"column":4}},"51":{"start":{"line":169,"column":23},"end":{"line":169,"column":53}},"52":{"start":{"line":182,"column":2},"end":{"line":184,"column":4}}},"fnMap":{"0":{"name":"(anonymous_0)","decl":{"start":{"line":27,"column":20},"end":{"line":27,"column":21}},"loc":{"start":{"line":27,"column":26},"end":{"line":178,"column":1}},"line":27},"1":{"name":"(anonymous_1)","decl":{"start":{"line":43,"column":12},"end":{"line":43,"column":13}},"loc":{"start":{"line":43,"column":18},"end":{"line":45,"column":3}},"line":43},"2":{"name":"messageWhatsapp","decl":{"start":{"line":47,"column":11},"end":{"line":47,"column":26}},"loc":{"start":{"line":47,"column":47},"end":{"line":50,"column":3}},"line":47},"3":{"name":"generateRandomLocation","decl":{"start":{"line":53,"column":11},"end":{"line":53,"column":33}},"loc":{"start":{"line":53,"column":36},"end":{"line":66,"column":3}},"line":53},"4":{"name":"(anonymous_4)","decl":{"start":{"line":101,"column":28},"end":{"line":101,"column":29}},"loc":{"start":{"line":101,"column":40},"end":{"line":129,"column":3}},"line":101},"5":{"name":"(anonymous_5)","decl":{"start":{"line":103,"column":33},"end":{"line":103,"column":34}},"loc":{"start":{"line":103,"column":40},"end":{"line":103,"column":49}},"line":103},"6":{"name":"(anonymous_6)","decl":{"start":{"line":123,"column":12},"end":{"line":123,"column":13}},"loc":{"start":{"line":123,"column":24},"end":{"line":125,"column":7}},"line":123},"7":{"name":"(anonymous_7)","decl":{"start":{"line":126,"column":13},"end":{"line":126,"column":14}},"loc":{"start":{"line":126,"column":24},"end":{"line":128,"column":7}},"line":126},"8":{"name":"getSavedContacts","decl":{"start":{"line":131,"column":17},"end":{"line":131,"column":33}},"loc":{"start":{"line":131,"column":36},"end":{"line":142,"column":3}},"line":131},"9":{"name":"getLocation","decl":{"start":{"line":144,"column":17},"end":{"line":144,"column":28}},"loc":{"start":{"line":144,"column":31},"end":{"line":154,"column":3}},"line":144},"10":{"name":"(anonymous_10)","decl":{"start":{"line":169,"column":17},"end":{"line":169,"column":18}},"loc":{"start":{"line":169,"column":23},"end":{"line":169,"column":53}},"line":169},"11":{"name":"HomeScreen","decl":{"start":{"line":180,"column":9},"end":{"line":180,"column":19}},"loc":{"start":{"line":180,"column":34},"end":{"line":185,"column":1}},"line":180}},"branchMap":{"0":{"loc":{"start":{"line":134,"column":6},"end":{"line":136,"column":7}},"type":"if","locations":[{"start":{"line":134,"column":6},"end":{"line":136,"column":7}},{"start":{},"end":{}}],"line":134},"1":{"loc":{"start":{"line":156,"column":2},"end":{"line":160,"column":3}},"type":"if","locations":[{"start":{"line":156,"column":2},"end":{"line":160,"column":3}},{"start":{},"end":{}}],"line":156}},"s":{"0":2,"1":2,"2":5,"3":5,"4":5,"5":5,"6":5,"7":5,"8":5,"9":1,"10":1,"11":1,"12":1,"13":1,"14":1,"15":1,"16":1,"17":1,"18":5,"19":1,"20":1,"21":0,"22":1,"23":1,"24":1,"25":1,"26":1,"27":1,"28":1,"29":1,"30":1,"31":1,"32":0,"33":0,"34":1,"35":1,"36":1,"37":1,"38":0,"39":0,"40":0,"41":0,"42":0,"43":0,"44":0,"45":0,"46":0,"47":0,"48":5,"49":0,"50":5,"51":0,"52":1},"f":{"0":5,"1":1,"2":1,"3":1,"4":1,"5":0,"6":0,"7":0,"8":1,"9":0,"10":0,"11":1},"b":{"0":[1,0],"1":[0,5]},"_coverageSchema":"1a1c01bbd47fc00a2c39e90264f33305004495a9","hash":"d8b3e7f9cd9b37b340146acf7ae7061d69ed3fa5"}
,"C:\\Users\\zhyda\\Documents\\CicloSeguro\\src\\screens\\home\\alert\\Alert.js": {"path":"C:\\Users\\zhyda\\Documents\\CicloSeguro\\src\\screens\\home\\alert\\Alert.js","statementMap":{"0":{"start":{"line":9,"column":34},"end":{"line":9,"column":49}},"1":{"start":{"line":11,"column":4},"end":{"line":13,"column":22}},"2":{"start":{"line":12,"column":8},"end":{"line":12,"column":32}},"3":{"start":{"line":15,"column":4},"end":{"line":36,"column":5}},"4":{"start":{"line":24,"column":77},"end":{"line":24,"column":86}}},"fnMap":{"0":{"name":"Alert","decl":{"start":{"line":7,"column":9},"end":{"line":7,"column":14}},"loc":{"start":{"line":7,"column":74},"end":{"line":38,"column":1}},"line":7},"1":{"name":"(anonymous_1)","decl":{"start":{"line":11,"column":14},"end":{"line":11,"column":15}},"loc":{"start":{"line":11,"column":20},"end":{"line":13,"column":5}},"line":11},"2":{"name":"(anonymous_2)","decl":{"start":{"line":24,"column":71},"end":{"line":24,"column":72}},"loc":{"start":{"line":24,"column":77},"end":{"line":24,"column":86}},"line":24}},"branchMap":{},"s":{"0":2,"1":2,"2":1,"3":2,"4":1},"f":{"0":2,"1":1,"2":1},"b":{},"_coverageSchema":"1a1c01bbd47fc00a2c39e90264f33305004495a9","hash":"5b74879098f0a44a2d7a4866e068034e425f08e6"}
,"C:\\Users\\zhyda\\Documents\\CicloSeguro\\src\\screens\\home\\alert\\Styles.js": {"path":"C:\\Users\\zhyda\\Documents\\CicloSeguro\\src\\screens\\home\\alert\\Styles.js","statementMap":{"0":{"start":{"line":3,"column":15},"end":{"line":40,"column":2}}},"fnMap":{},"branchMap":{},"s":{"0":1},"f":{},"b":{},"_coverageSchema":"1a1c01bbd47fc00a2c39e90264f33305004495a9","hash":"46866958380b1efe81c27185b5c581cd6eb48538"}
,"C:\\Users\\zhyda\\Documents\\CicloSeguro\\src\\utils\\FormatNumber.js": {"path":"C:\\Users\\zhyda\\Documents\\CicloSeguro\\src\\utils\\FormatNumber.js","statementMap":{"0":{"start":{"line":2,"column":4},"end":{"line":4,"column":5}},"1":{"start":{"line":3,"column":8},"end":{"line":3,"column":94}},"2":{"start":{"line":5,"column":4},"end":{"line":7,"column":5}},"3":{"start":{"line":6,"column":8},"end":{"line":6,"column":94}},"4":{"start":{"line":8,"column":4},"end":{"line":19,"column":5}},"5":{"start":{"line":9,"column":8},"end":{"line":9,"column":37}},"6":{"start":{"line":10,"column":8},"end":{"line":12,"column":9}},"7":{"start":{"line":11,"column":8},"end":{"line":11,"column":94}},"8":{"start":{"line":13,"column":8},"end":{"line":15,"column":9}},"9":{"start":{"line":14,"column":8},"end":{"line":14,"column":94}},"10":{"start":{"line":16,"column":8},"end":{"line":18,"column":9}},"11":{"start":{"line":17,"column":8},"end":{"line":17,"column":94}},"12":{"start":{"line":20,"column":4},"end":{"line":22,"column":5}},"13":{"start":{"line":21,"column":8},"end":{"line":21,"column":66}},"14":{"start":{"line":23,"column":4},"end":{"line":25,"column":5}},"15":{"start":{"line":24,"column":8},"end":{"line":24,"column":66}},"16":{"start":{"line":26,"column":4},"end":{"line":26,"column":18}}},"fnMap":{"0":{"name":"formatPhoneNumber","decl":{"start":{"line":1,"column":16},"end":{"line":1,"column":33}},"loc":{"start":{"line":1,"column":42},"end":{"line":27,"column":1}},"line":1}},"branchMap":{"0":{"loc":{"start":{"line":2,"column":4},"end":{"line":4,"column":5}},"type":"if","locations":[{"start":{"line":2,"column":4},"end":{"line":4,"column":5}},{"start":{},"end":{}}],"line":2},"1":{"loc":{"start":{"line":5,"column":4},"end":{"line":7,"column":5}},"type":"if","locations":[{"start":{"line":5,"column":4},"end":{"line":7,"column":5}},{"start":{},"end":{}}],"line":5},"2":{"loc":{"start":{"line":5,"column":8},"end":{"line":5,"column":54}},"type":"binary-expr","locations":[{"start":{"line":5,"column":8},"end":{"line":5,"column":28}},{"start":{"line":5,"column":32},"end":{"line":5,"column":54}}],"line":5},"3":{"loc":{"start":{"line":8,"column":4},"end":{"line":19,"column":5}},"type":"if","locations":[{"start":{"line":8,"column":4},"end":{"line":19,"column":5}},{"start":{},"end":{}}],"line":8},"4":{"loc":{"start":{"line":10,"column":8},"end":{"line":12,"column":9}},"type":"if","locations":[{"start":{"line":10,"column":8},"end":{"line":12,"column":9}},{"start":{},"end":{}}],"line":10},"5":{"loc":{"start":{"line":13,"column":8},"end":{"line":15,"column":9}},"type":"if","locations":[{"start":{"line":13,"column":8},"end":{"line":15,"column":9}},{"start":{},"end":{}}],"line":13},"6":{"loc":{"start":{"line":16,"column":8},"end":{"line":18,"column":9}},"type":"if","locations":[{"start":{"line":16,"column":8},"end":{"line":18,"column":9}},{"start":{},"end":{}}],"line":16},"7":{"loc":{"start":{"line":16,"column":12},"end":{"line":16,"column":58}},"type":"binary-expr","locations":[{"start":{"line":16,"column":12},"end":{"line":16,"column":32}},{"start":{"line":16,"column":36},"end":{"line":16,"column":58}}],"line":16},"8":{"loc":{"start":{"line":20,"column":4},"end":{"line":22,"column":5}},"type":"if","locations":[{"start":{"line":20,"column":4},"end":{"line":22,"column":5}},{"start":{},"end":{}}],"line":20},"9":{"loc":{"start":{"line":23,"column":4},"end":{"line":25,"column":5}},"type":"if","locations":[{"start":{"line":23,"column":4},"end":{"line":25,"column":5}},{"start":{},"end":{}}],"line":23}},"s":{"0":33,"1":1,"2":32,"3":1,"4":31,"5":1,"6":1,"7":0,"8":1,"9":1,"10":0,"11":0,"12":30,"13":1,"14":29,"15":27,"16":2},"f":{"0":33},"b":{"0":[1,32],"1":[1,31],"2":[32,1],"3":[1,30],"4":[0,1],"5":[1,0],"6":[0,0],"7":[0,0],"8":[1,29],"9":[27,2]},"_coverageSchema":"1a1c01bbd47fc00a2c39e90264f33305004495a9","hash":"605f634ac1512d366804be0184d8123b2b261dc7"}
}
