TN:
SF:App.js
FN:10,App
FNF:1
FNH:0
FNDA:0,App
DA:8,0
DA:11,0
LF:2
LH:0
BRF:0
BRH:0
end_of_record
TN:
SF:metro.config.js
FNF:0
FNH:0
DA:1,0
DA:3,0
DA:4,0
DA:6,0
LF:4
LH:0
BRF:0
BRH:0
end_of_record
TN:
SF:src\components\HeaderComponent.js
FN:13,Header
FN:27,(anonymous_1)
FN:30,(anonymous_2)
FN:33,(anonymous_3)
FN:33,(anonymous_4)
FNF:5
FNH:5
FNDA:5,Header
FNDA:5,(anonymous_1)
FNDA:5,(anonymous_2)
FNDA:2,(anonymous_3)
FNDA:2,(anonymous_4)
DA:14,5
DA:15,5
DA:28,5
DA:31,5
DA:33,2
DA:54,2
LF:6
LH:6
BRDA:31,0,0,1
BRDA:31,0,1,4
BRF:2
BRH:2
end_of_record
TN:
SF:src\components\MenuComponent.js
FN:8,Menu
FN:13,(anonymous_1)
FN:20,(anonymous_2)
FNF:3
FNH:3
FNDA:8,Menu
FNDA:1,(anonymous_1)
FNDA:1,(anonymous_2)
DA:9,8
DA:13,1
DA:20,1
DA:31,3
LF:4
LH:4
BRF:0
BRH:0
end_of_record
TN:
SF:src\components\default\alert\Alert.js
FN:7,Alert
FN:11,(anonymous_1)
FN:24,(anonymous_2)
FNF:3
FNH:3
FNDA:14,Alert
FNDA:5,(anonymous_1)
FNDA:1,(anonymous_2)
DA:9,14
DA:11,14
DA:12,5
DA:15,14
DA:24,1
LF:5
LH:5
BRF:0
BRH:0
end_of_record
TN:
SF:src\components\default\alert\Styles.js
FNF:0
FNH:0
DA:3,2
LF:1
LH:1
BRF:0
BRH:0
end_of_record
TN:
SF:src\components\default\empty\ListEmpty.js
FN:4,ListEmpty
FNF:1
FNH:1
FNDA:3,ListEmpty
DA:5,3
LF:1
LH:1
BRF:0
BRH:0
end_of_record
TN:
SF:src\components\default\load\Load.js
FN:5,Load
FN:9,(anonymous_1)
FNF:2
FNH:2
FNDA:3,Load
FNDA:2,(anonymous_1)
DA:7,3
DA:9,3
DA:10,2
DA:14,3
DA:16,2
DA:31,1
LF:6
LH:6
BRDA:14,0,0,2
BRDA:14,0,1,1
BRF:2
BRH:2
end_of_record
TN:
SF:src\components\default\load\Styles.js
FNF:0
FNH:0
DA:3,1
LF:1
LH:1
BRF:0
BRH:0
end_of_record
TN:
SF:src\config\firebaseconfig.js
FNF:0
FNH:0
DA:6,0
DA:16,0
DA:17,0
DA:19,0
DA:22,0
DA:23,0
DA:25,0
LF:7
LH:0
BRF:0
BRH:0
end_of_record
TN:
SF:src\controllers\ContactController.js
FN:1,(anonymous_0)
FNF:1
FNH:1
FNDA:20,(anonymous_0)
DA:1,2
DA:2,20
LF:2
LH:2
BRDA:2,0,0,20
BRDA:2,0,1,20
BRF:2
BRH:2
end_of_record
TN:
SF:src\screens\contact\ContactItem.js
FN:6,(anonymous_0)
FNF:1
FNH:1
FNDA:19,(anonymous_0)
DA:6,3
DA:7,19
LF:2
LH:2
BRDA:12,0,0,19
BRDA:12,0,1,0
BRDA:12,1,0,19
BRDA:12,1,1,19
BRF:4
BRH:3
end_of_record
TN:
SF:src\screens\contact\ModalContacts.js
FN:13,ModalContacts
FN:26,handleAddContact
FN:31,handleSearch
FN:35,(anonymous_3)
FN:39,(anonymous_4)
FN:47,(anonymous_5)
FN:68,openContactsModal
FN:72,(anonymous_7)
FN:75,(anonymous_8)
FN:96,(anonymous_9)
FN:117,(anonymous_10)
FNF:11
FNH:11
FNDA:47,ModalContacts
FNDA:2,handleAddContact
FNDA:2,handleSearch
FNDA:22,(anonymous_3)
FNDA:22,(anonymous_4)
FNDA:20,(anonymous_5)
FNDA:9,openContactsModal
FNDA:20,(anonymous_7)
FNDA:2,(anonymous_8)
FNDA:2,(anonymous_9)
FNDA:1,(anonymous_10)
DA:15,47
DA:18,47
DA:21,47
DA:27,2
DA:28,2
DA:32,2
DA:35,47
DA:36,22
DA:37,14
DA:39,22
DA:40,22
DA:41,22
DA:42,19
DA:46,19
DA:47,10
DA:48,20
DA:49,20
DA:55,0
DA:62,10
DA:69,9
DA:72,47
DA:73,20
DA:74,18
DA:75,2
DA:80,2
DA:84,47
DA:96,2
DA:117,1
LF:28
LH:27
BRDA:36,0,0,14
BRDA:36,0,1,8
BRDA:40,1,0,22
BRDA:40,1,1,3
BRDA:41,2,0,19
BRDA:41,2,1,3
BRDA:46,3,0,10
BRDA:46,3,1,9
BRDA:46,4,0,19
BRDA:46,4,1,19
BRDA:48,5,0,20
BRDA:48,5,1,0
BRDA:48,6,0,20
BRDA:48,6,1,20
BRDA:73,7,0,18
BRDA:73,7,1,2
BRDA:73,8,0,20
BRDA:73,8,1,4
BRF:18
BRH:17
end_of_record
TN:
SF:src\screens\contact\Styles.js
FNF:0
FNH:0
DA:3,3
LF:1
LH:1
BRF:0
BRH:0
end_of_record
TN:
SF:src\screens\contact\StylesIndex.js
FNF:0
FNH:0
DA:3,1
LF:1
LH:1
BRF:0
BRH:0
end_of_record
TN:
SF:src\screens\contact\index.js
FN:13,ContactManageContent
FN:23,(anonymous_1)
FN:24,(anonymous_2)
FN:48,(anonymous_3)
FN:53,(anonymous_4)
FN:58,(anonymous_5)
FN:60,(anonymous_6)
FN:84,(anonymous_7)
FN:108,(anonymous_8)
FN:113,(anonymous_9)
FN:116,(anonymous_10)
FN:133,(anonymous_11)
FN:138,(anonymous_12)
FN:145,ContactManageScreen
FNF:14
FNH:10
FNDA:9,ContactManageContent
FNDA:2,(anonymous_1)
FNDA:2,(anonymous_2)
FNDA:1,(anonymous_3)
FNDA:0,(anonymous_4)
FNDA:0,(anonymous_5)
FNDA:0,(anonymous_6)
FNDA:1,(anonymous_7)
FNDA:0,(anonymous_8)
FNDA:2,(anonymous_9)
FNDA:8,(anonymous_10)
FNDA:1,(anonymous_11)
FNDA:8,(anonymous_12)
FNDA:2,ContactManageScreen
DA:15,9
DA:18,9
DA:19,9
DA:20,9
DA:21,9
DA:23,9
DA:24,2
DA:25,2
DA:26,2
DA:27,2
DA:28,2
DA:34,2
DA:48,9
DA:49,1
DA:50,1
DA:53,9
DA:54,0
DA:55,0
DA:58,9
DA:59,0
DA:60,0
DA:63,0
DA:64,0
DA:65,0
DA:66,0
DA:67,0
DA:70,0
DA:72,0
DA:73,0
DA:74,0
DA:75,0
DA:77,0
DA:78,0
DA:81,0
DA:84,9
DA:85,1
DA:86,1
DA:87,1
DA:89,1
DA:90,1
DA:91,1
DA:92,1
DA:94,0
DA:95,0
DA:98,1
DA:101,9
DA:108,0
DA:114,2
DA:117,8
DA:133,1
DA:138,8
DA:146,2
LF:52
LH:32
BRDA:27,0,0,2
BRDA:27,0,1,0
BRDA:63,1,0,0
BRDA:63,1,1,0
BRF:4
BRH:1
end_of_record
TN:
SF:src\screens\home\Styles.js
FNF:0
FNH:0
DA:3,0
LF:1
LH:0
BRF:0
BRH:0
end_of_record
TN:
SF:src\screens\home\index.js
FN:27,(anonymous_0)
FN:43,(anonymous_1)
FN:47,messageWhatsapp
FN:53,generateRandomLocation
FN:101,(anonymous_4)
FN:103,(anonymous_5)
FN:123,(anonymous_6)
FN:126,(anonymous_7)
FN:131,getSavedContacts
FN:144,getLocation
FN:169,(anonymous_10)
FN:180,HomeScreen
FNF:12
FNH:0
FNDA:0,(anonymous_0)
FNDA:0,(anonymous_1)
FNDA:0,messageWhatsapp
FNDA:0,generateRandomLocation
FNDA:0,(anonymous_4)
FNDA:0,(anonymous_5)
FNDA:0,(anonymous_6)
FNDA:0,(anonymous_7)
FNDA:0,getSavedContacts
FNDA:0,getLocation
FNDA:0,(anonymous_10)
FNDA:0,HomeScreen
DA:15,0
DA:27,0
DA:29,0
DA:30,0
DA:31,0
DA:32,0
DA:38,0
DA:41,0
DA:43,0
DA:48,0
DA:49,0
DA:55,0
DA:56,0
DA:57,0
DA:58,0
DA:61,0
DA:62,0
DA:65,0
DA:101,0
DA:102,0
DA:103,0
DA:104,0
DA:105,0
DA:107,0
DA:108,0
DA:109,0
DA:110,0
DA:111,0
DA:112,0
DA:114,0
DA:122,0
DA:124,0
DA:127,0
DA:132,0
DA:133,0
DA:134,0
DA:135,0
DA:137,0
DA:139,0
DA:140,0
DA:145,0
DA:146,0
DA:147,0
DA:148,0
DA:149,0
DA:151,0
DA:152,0
DA:156,0
DA:157,0
DA:162,0
DA:169,0
DA:182,0
LF:52
LH:0
BRDA:134,0,0,0
BRDA:134,0,1,0
BRDA:156,1,0,0
BRDA:156,1,1,0
BRF:4
BRH:0
end_of_record
TN:
SF:src\screens\home\alert\Alert.js
FN:7,Alert
FN:11,(anonymous_1)
FN:24,(anonymous_2)
FNF:3
FNH:0
FNDA:0,Alert
FNDA:0,(anonymous_1)
FNDA:0,(anonymous_2)
DA:9,0
DA:11,0
DA:12,0
DA:15,0
DA:24,0
LF:5
LH:0
BRF:0
BRH:0
end_of_record
TN:
SF:src\screens\home\alert\Styles.js
FNF:0
FNH:0
DA:3,0
LF:1
LH:0
BRF:0
BRH:0
end_of_record
TN:
SF:src\utils\FormatNumber.js
FN:1,formatPhoneNumber
FNF:1
FNH:1
FNDA:27,formatPhoneNumber
DA:2,27
DA:3,0
DA:5,27
DA:6,0
DA:8,27
DA:9,0
DA:10,0
DA:11,0
DA:13,0
DA:14,0
DA:16,0
DA:17,0
DA:20,27
DA:21,0
DA:23,27
DA:24,26
DA:26,1
LF:17
LH:7
BRDA:2,0,0,0
BRDA:2,0,1,27
BRDA:5,1,0,0
BRDA:5,1,1,27
BRDA:5,2,0,27
BRDA:5,2,1,0
BRDA:8,3,0,0
BRDA:8,3,1,27
BRDA:10,4,0,0
BRDA:10,4,1,0
BRDA:13,5,0,0
BRDA:13,5,1,0
BRDA:16,6,0,0
BRDA:16,6,1,0
BRDA:16,7,0,0
BRDA:16,7,1,0
BRDA:20,8,0,0
BRDA:20,8,1,27
BRDA:23,9,0,26
BRDA:23,9,1,1
BRF:20
BRH:7
end_of_record
